# JRE version: OpenJDK Runtime Environment Corretto-11.0.16.9.1 (11.0.16.1+9) (build 11.0.16.1+9-LTS)
# Java VM: OpenJDK 64-Bit Server VM Corretto-11.0.16.9.1 (11.0.16.1+9-LTS, mixed mode, tiered, compressed oops, g1 gc, windows-amd64)
Heap:
 garbage-first heap   total 32768K, used 17603K [0x00000000e1800000, 0x0000000100000000)
  region size 1024K, 10 young (10240K), 2 survivors (2048K)
 Metaspace       used 30176K, capacity 30732K, committed 30848K, reserved 1077248K
  class space    used 3207K, capacity 3418K, committed 3456K, reserved 1048576K
GC Heap History (20 events):
Event: 21.094 GC heap before
{Heap before GC invocations=4 (full 0):
 garbage-first heap   total 32768K, used 14260K [0x00000000e1800000, 0x0000000100000000)
  region size 1024K, 13 young (13312K), 2 survivors (2048K)
 Metaspace       used 14758K, capacity 15044K, committed 15232K, reserved 1062912K
  class space    used 1480K, capacity 1563K, committed 1664K, reserved 1048576K
}
Event: 21.106 GC heap after
{Heap after GC invocations=5 (full 0):
 garbage-first heap   total 32768K, used 4344K [0x00000000e1800000, 0x0000000100000000)
  region size 1024K, 1 young (1024K), 1 survivors (1024K)
 Metaspace       used 14758K, capacity 15044K, committed 15232K, reserved 1062912K
  class space    used 1480K, capacity 1563K, committed 1664K, reserved 1048576K
}
Event: 24.584 GC heap before
{Heap before GC invocations=5 (full 0):
 garbage-first heap   total 32768K, used 16632K [0x00000000e1800000, 0x0000000100000000)
  region size 1024K, 13 young (13312K), 1 survivors (1024K)
 Metaspace       used 16587K, capacity 16825K, committed 17024K, reserved 1064960K
  class space    used 1697K, capacity 1793K, committed 1920K, reserved 1048576K
}
Event: 24.593 GC heap after
{Heap after GC invocations=6 (full 0):
 garbage-first heap   total 32768K, used 4861K [0x00000000e1800000, 0x0000000100000000)
  region size 1024K, 2 young (2048K), 2 survivors (2048K)
 Metaspace       used 16587K, capacity 16825K, committed 17024K, reserved 1064960K
  class space    used 1697K, capacity 1793K, committed 1920K, reserved 1048576K
}
Event: 27.148 GC heap before
{Heap before GC invocations=6 (full 0):
 garbage-first heap   total 32768K, used 17149K [0x00000000e1800000, 0x0000000100000000)
  region size 1024K, 14 young (14336K), 2 survivors (2048K)
 Metaspace       used 18422K, capacity 18737K, committed 19072K, reserved 1067008K
  class space    used 1958K, capacity 2087K, committed 2176K, reserved 1048576K
}
Event: 27.163 GC heap after
{Heap after GC invocations=7 (full 0):
 garbage-first heap   total 32768K, used 5820K [0x00000000e1800000, 0x0000000100000000)
  region size 1024K, 2 young (2048K), 2 survivors (2048K)
 Metaspace       used 18422K, capacity 18737K, committed 19072K, reserved 1067008K
  class space    used 1958K, capacity 2087K, committed 2176K, reserved 1048576K
}
Event: 31.834 GC heap before
{Heap before GC invocations=7 (full 0):
 garbage-first heap   total 32768K, used 16060K [0x00000000e1800000, 0x0000000100000000)
  region size 1024K, 14 young (14336K), 2 survivors (2048K)
 Metaspace       used 20781K, capacity 21113K, committed 21248K, reserved 1069056K
  class space    used 2188K, capacity 2293K, committed 2304K, reserved 1048576K
}
Event: 31.867 GC heap after
{Heap after GC invocations=8 (full 0):
 garbage-first heap   total 32768K, used 6504K [0x00000000e1800000, 0x0000000100000000)
  region size 1024K, 1 young (1024K), 1 survivors (1024K)
 Metaspace       used 20781K, capacity 21113K, committed 21248K, reserved 1069056K
  class space    used 2188K, capacity 2293K, committed 2304K, reserved 1048576K
}
Event: 35.356 GC heap before
{Heap before GC invocations=9 (full 0):
 garbage-first heap   total 32768K, used 18792K [0x00000000e1800000, 0x0000000100000000)
  region size 1024K, 13 young (13312K), 1 survivors (1024K)
 Metaspace       used 21411K, capacity 21834K, committed 22144K, reserved 1069056K
  class space    used 2233K, capacity 2361K, committed 2432K, reserved 1048576K
}
Event: 35.371 GC heap after
{Heap after GC invocations=10 (full 0):
 garbage-first heap   total 32768K, used 7232K [0x00000000e1800000, 0x0000000100000000)
  region size 1024K, 2 young (2048K), 2 survivors (2048K)
 Metaspace       used 21411K, capacity 21834K, committed 22144K, reserved 1069056K
  class space    used 2233K, capacity 2361K, committed 2432K, reserved 1048576K
}
Event: 39.465 GC heap before
{Heap before GC invocations=10 (full 0):
 garbage-first heap   total 32768K, used 19520K [0x00000000e1800000, 0x0000000100000000)
  region size 1024K, 14 young (14336K), 2 survivors (2048K)
 Metaspace       used 21644K, capacity 22027K, committed 22144K, reserved 1069056K
  class space    used 2234K, capacity 2361K, committed 2432K, reserved 1048576K
}
Event: 39.481 GC heap after
{Heap after GC invocations=11 (full 0):
 garbage-first heap   total 32768K, used 8183K [0x00000000e1800000, 0x0000000100000000)
  region size 1024K, 2 young (2048K), 2 survivors (2048K)
 Metaspace       used 21644K, capacity 22027K, committed 22144K, reserved 1069056K
  class space    used 2234K, capacity 2361K, committed 2432K, reserved 1048576K
}
Event: 44.349 GC heap before
{Heap before GC invocations=11 (full 0):
 garbage-first heap   total 32768K, used 19447K [0x00000000e1800000, 0x0000000100000000)
  region size 1024K, 14 young (14336K), 2 survivors (2048K)
 Metaspace       used 21958K, capacity 22444K, committed 22656K, reserved 1069056K
  class space    used 2250K, capacity 2393K, committed 2432K, reserved 1048576K
}
Event: 44.370 GC heap after
{Heap after GC invocations=12 (full 0):
 garbage-first heap   total 32768K, used 8352K [0x00000000e1800000, 0x0000000100000000)
  region size 1024K, 2 young (2048K), 2 survivors (2048K)
 Metaspace       used 21958K, capacity 22444K, committed 22656K, reserved 1069056K
  class space    used 2250K, capacity 2393K, committed 2432K, reserved 1048576K
}
Event: 48.029 GC heap before
{Heap before GC invocations=12 (full 0):
 garbage-first heap   total 32768K, used 21664K [0x00000000e1800000, 0x0000000100000000)
  region size 1024K, 15 young (15360K), 2 survivors (2048K)
 Metaspace       used 22678K, capacity 23108K, committed 23296K, reserved 1071104K
  class space    used 2327K, capacity 2465K, committed 2560K, reserved 1048576K
}
Event: 48.040 GC heap after
{Heap after GC invocations=13 (full 0):
 garbage-first heap   total 32768K, used 8913K [0x00000000e1800000, 0x0000000100000000)
  region size 1024K, 1 young (1024K), 1 survivors (1024K)
 Metaspace       used 22678K, capacity 23108K, committed 23296K, reserved 1071104K
  class space    used 2327K, capacity 2465K, committed 2560K, reserved 1048576K
}
Event: 50.238 GC heap before
{Heap before GC invocations=13 (full 0):
 garbage-first heap   total 32768K, used 23249K [0x00000000e1800000, 0x0000000100000000)
  region size 1024K, 15 young (15360K), 1 survivors (1024K)
 Metaspace       used 22848K, capacity 23302K, committed 23552K, reserved 1071104K
  class space    used 2327K, capacity 2465K, committed 2560K, reserved 1048576K
}
Event: 50.249 GC heap after
{Heap after GC invocations=14 (full 0):
 garbage-first heap   total 32768K, used 9547K [0x00000000e1800000, 0x0000000100000000)
  region size 1024K, 2 young (2048K), 2 survivors (2048K)
 Metaspace       used 22848K, capacity 23302K, committed 23552K, reserved 1071104K
  class space    used 2327K, capacity 2465K, committed 2560K, reserved 1048576K
}
Event: 53.906 GC heap before
{Heap before GC invocations=14 (full 0):
 garbage-first heap   total 32768K, used 22859K [0x00000000e1800000, 0x0000000100000000)
  region size 1024K, 15 young (15360K), 2 survivors (2048K)
 Metaspace       used 24891K, capacity 25389K, committed 25600K, reserved 1073152K
  class space    used 2558K, capacity 2718K, committed 2816K, reserved 1048576K
}
Event: 53.920 GC heap after
{Heap after GC invocations=15 (full 0):
 garbage-first heap   total 32768K, used 10435K [0x00000000e1800000, 0x0000000100000000)
  region size 1024K, 2 young (2048K), 2 survivors (2048K)
 Metaspace       used 24891K, capacity 25389K, committed 25600K, reserved 1073152K
  class space    used 2558K, capacity 2718K, committed 2816K, reserved 1048576K
}

